2025-09-18 11:05:04,498 - __main__ - INFO - Input directory: C:\Users\shan.peiris\Documents\Integrations\GDE2Acsv\data\input
2025-09-18 11:05:04,508 - src.etl.loader - INFO - Output directory set to: C:\Users\shan.peiris\Documents\Integrations\GDE2Acsv\data\output
2025-09-18 11:05:04,508 - __main__ - INFO - Required files: ['studentcourseselection.txt', 'ParentInformation.txt', 'StudentDemographicInformation.txt', 'CourseInformation.txt', 'StaffInformation.txt']
2025-09-18 11:05:04,509 - src.etl.extractor - INFO - Attempting to load: data\input\studentcourseselection.txt
2025-09-18 11:05:04,526 - src.etl.extractor - INFO - Loaded studentcourseselection.txt with encoding=utf-8, sep=','
2025-09-18 11:05:04,527 - src.etl.extractor - INFO - Successfully loaded studentcourseselection.txt: 5401 rows
2025-09-18 11:05:04,528 - src.etl.extractor - INFO - Attempting to load: data\input\ParentInformation.txt
2025-09-18 11:05:04,541 - src.etl.extractor - INFO - Loaded ParentInformation.txt with encoding=utf-8, sep=','
2025-09-18 11:05:04,542 - src.etl.extractor - INFO - Successfully loaded ParentInformation.txt: 2830 rows
2025-09-18 11:05:04,542 - src.etl.extractor - INFO - Attempting to load: data\input\StudentDemographicInformation.txt
2025-09-18 11:05:04,556 - src.etl.extractor - INFO - Loaded StudentDemographicInformation.txt with encoding=utf-8, sep=','
2025-09-18 11:05:04,557 - src.etl.extractor - INFO - Successfully loaded StudentDemographicInformation.txt: 1527 rows
2025-09-18 11:05:04,557 - src.etl.extractor - INFO - Attempting to load: data\input\CourseInformation.txt
2025-09-18 11:05:04,561 - src.etl.extractor - INFO - Loaded CourseInformation.txt with encoding=utf-8, sep=','
2025-09-18 11:05:04,562 - src.etl.extractor - INFO - Successfully loaded CourseInformation.txt: 983 rows
2025-09-18 11:05:04,562 - src.etl.extractor - INFO - Attempting to load: data\input\StaffInformation.txt
2025-09-18 11:05:04,563 - src.etl.extractor - INFO - Loaded StaffInformation.txt with encoding=utf-8, sep=','
2025-09-18 11:05:04,564 - src.etl.extractor - INFO - Successfully loaded StaffInformation.txt: 152 rows
2025-09-18 11:05:04,569 - __main__ - INFO - Using school year 2026, academic start=2026-08-25, end=2027-07-25
2025-09-18 11:05:04,634 - src.etl.loader - INFO - Saved Students.csv (1527 rows) to data\output\Students.csv
2025-09-18 11:05:04,642 - src.etl.loader - INFO - Saved Staff.csv (152 rows) to data\output\Staff.csv
2025-09-18 11:05:04,654 - src.etl.loader - INFO - Saved Family.csv (2830 rows) to data\output\Family.csv
2025-09-18 11:05:04,667 - src.etl.transformer - INFO - [Classes] Created 38 homeroom classes
2025-09-18 11:05:04,718 - src.etl.transformer - INFO - [Classes] Created 3689 subject classes
2025-09-18 11:05:04,721 - src.etl.transformer - INFO - [Classes] Total classes created: 526
2025-09-18 11:05:04,730 - src.etl.loader - INFO - Saved Classes.csv (526 rows) to data\output\Classes.csv
2025-09-18 11:05:04,732 - src.etl.transformer - INFO - [Enrollments] homeroom_classes_df empty: False
2025-09-18 11:05:04,733 - src.etl.transformer - INFO - [Enrollments] homeroom_classes_df columns: ['school number', 'homeroom', 'Class ID', 'teacher id']
2025-09-18 11:05:04,734 - src.etl.transformer - INFO - [Enrollments] Found 676 students in homeroom grades
2025-09-18 11:05:04,736 - src.etl.transformer - INFO - [Enrollments] Merged 676 students with homeroom classes
2025-09-18 11:05:04,737 - src.etl.transformer - INFO - [Enrollments] 676 students matched with homeroom classes
2025-09-18 11:05:04,740 - src.etl.transformer - INFO - [Enrollments] Created 676 student homeroom enrollments
2025-09-18 11:05:04,742 - src.etl.transformer - INFO - [Enrollments] Created 578 teacher homeroom enrollments
2025-09-18 11:05:04,754 - src.etl.transformer - INFO - [Enrollments] Created 676 student and 3683 teacher subject enrollments
2025-09-18 11:05:04,755 - src.etl.transformer - INFO - [Enrollments] Created 1085 total enrollments
2025-09-18 11:05:04,764 - src.etl.loader - INFO - Saved Enrollments.csv (1085 rows) to data\output\Enrollments.csv
2025-09-18 11:05:04,764 - __main__ - INFO - ETL process completed successfully.
2025-09-18 11:29:11,347 - __main__ - INFO - Input directory: C:\Users\shan.peiris\Documents\Integrations\GDE2Acsv\data\input
2025-09-18 11:29:11,354 - src.etl.loader - INFO - Output directory set to: C:\Users\shan.peiris\Documents\Integrations\GDE2Acsv\data\output
2025-09-18 11:29:11,354 - __main__ - INFO - Required files: ['ParentInformation.txt', 'studentcourseselection.txt', 'CourseInformation.txt', 'StaffInformation.txt', 'StudentDemographicInformation.txt']
2025-09-18 11:29:11,354 - src.etl.extractor - INFO - Attempting to load: data\input\ParentInformation.txt
2025-09-18 11:29:11,366 - src.etl.extractor - INFO - Loaded ParentInformation.txt with encoding=utf-8, sep=','
2025-09-18 11:29:11,367 - src.etl.extractor - INFO - Successfully loaded ParentInformation.txt: 2830 rows
2025-09-18 11:29:11,367 - src.etl.extractor - INFO - Attempting to load: data\input\studentcourseselection.txt
2025-09-18 11:29:11,376 - src.etl.extractor - INFO - Loaded studentcourseselection.txt with encoding=utf-8, sep=','
2025-09-18 11:29:11,377 - src.etl.extractor - INFO - Successfully loaded studentcourseselection.txt: 5401 rows
2025-09-18 11:29:11,377 - src.etl.extractor - INFO - Attempting to load: data\input\CourseInformation.txt
2025-09-18 11:29:11,381 - src.etl.extractor - INFO - Loaded CourseInformation.txt with encoding=utf-8, sep=','
2025-09-18 11:29:11,381 - src.etl.extractor - INFO - Successfully loaded CourseInformation.txt: 983 rows
2025-09-18 11:29:11,381 - src.etl.extractor - INFO - Attempting to load: data\input\StaffInformation.txt
2025-09-18 11:29:11,383 - src.etl.extractor - INFO - Loaded StaffInformation.txt with encoding=utf-8, sep=','
2025-09-18 11:29:11,383 - src.etl.extractor - INFO - Successfully loaded StaffInformation.txt: 152 rows
2025-09-18 11:29:11,383 - src.etl.extractor - INFO - Attempting to load: data\input\StudentDemographicInformation.txt
2025-09-18 11:29:11,396 - src.etl.extractor - INFO - Loaded StudentDemographicInformation.txt with encoding=utf-8, sep=','
2025-09-18 11:29:11,397 - src.etl.extractor - INFO - Successfully loaded StudentDemographicInformation.txt: 1527 rows
2025-09-18 11:29:11,399 - __main__ - INFO - Using school year 2026, academic start=2026-08-25, end=2027-07-25
2025-09-18 11:29:11,474 - src.etl.loader - INFO - Saved Students.csv (1527 rows) to data\output\Students.csv
2025-09-18 11:29:11,482 - src.etl.loader - INFO - Saved Staff.csv (152 rows) to data\output\Staff.csv
2025-09-18 11:29:11,494 - src.etl.loader - INFO - Saved Family.csv (2830 rows) to data\output\Family.csv
2025-09-18 11:29:11,502 - src.etl.transformer - INFO - [Classes] Created 38 homeroom classes
2025-09-18 11:29:11,560 - src.etl.transformer - INFO - [Classes] Created 3689 subject classes
2025-09-18 11:29:11,564 - src.etl.transformer - INFO - [Classes] Total classes created: 526
2025-09-18 11:29:11,572 - src.etl.loader - INFO - Saved Classes.csv (526 rows) to data\output\Classes.csv
2025-09-18 11:29:11,575 - src.etl.transformer - INFO - [Enrollments] homeroom_classes_df empty: False
2025-09-18 11:29:11,575 - src.etl.transformer - INFO - [Enrollments] homeroom_classes_df columns: ['school number', 'homeroom', 'Class ID', 'teacher id']
2025-09-18 11:29:11,576 - src.etl.transformer - INFO - [Enrollments] Found 676 students in homeroom grades
2025-09-18 11:29:11,579 - src.etl.transformer - INFO - [Enrollments] Merged 676 students with homeroom classes
2025-09-18 11:29:11,579 - src.etl.transformer - INFO - [Enrollments] 676 students matched with homeroom classes
2025-09-18 11:29:11,581 - src.etl.transformer - INFO - [Enrollments] Created 676 student homeroom enrollments
2025-09-18 11:29:11,582 - src.etl.transformer - INFO - [Enrollments] Created 578 teacher homeroom enrollments
2025-09-18 11:29:11,600 - src.etl.transformer - INFO - [Enrollments] Created 676 student and 3683 teacher subject enrollments
2025-09-18 11:29:11,602 - src.etl.transformer - INFO - [Enrollments] Created 1085 total enrollments
2025-09-18 11:29:11,611 - src.etl.loader - INFO - Saved Enrollments.csv (1085 rows) to data\output\Enrollments.csv
2025-09-18 11:29:11,611 - __main__ - INFO - ETL process completed successfully.
2025-09-18 11:31:52,825 - __main__ - INFO - Input directory: C:\Users\shan.peiris\Documents\Integrations\GDE2Acsv\data\input
2025-09-18 11:31:52,830 - src.etl.loader - INFO - Output directory set to: C:\Users\shan.peiris\Documents\Integrations\GDE2Acsv\data\output
2025-09-18 11:31:52,831 - __main__ - INFO - Required files: ['ParentInformation.txt', 'StudentDemographicInformation.txt', 'studentcourseselection.txt', 'StaffInformation.txt', 'CourseInformation.txt']
2025-09-18 11:31:52,831 - src.etl.extractor - INFO - Attempting to load: data\input\ParentInformation.txt
2025-09-18 11:31:52,841 - src.etl.extractor - INFO - Loaded ParentInformation.txt with encoding=utf-8, sep=','
2025-09-18 11:31:52,841 - src.etl.extractor - INFO - Successfully loaded ParentInformation.txt: 2830 rows
2025-09-18 11:31:52,841 - src.etl.extractor - INFO - Attempting to load: data\input\StudentDemographicInformation.txt
2025-09-18 11:31:52,853 - src.etl.extractor - INFO - Loaded StudentDemographicInformation.txt with encoding=utf-8, sep=','
2025-09-18 11:31:52,853 - src.etl.extractor - INFO - Successfully loaded StudentDemographicInformation.txt: 1527 rows
2025-09-18 11:31:52,853 - src.etl.extractor - INFO - Attempting to load: data\input\studentcourseselection.txt
2025-09-18 11:31:52,861 - src.etl.extractor - INFO - Loaded studentcourseselection.txt with encoding=utf-8, sep=','
2025-09-18 11:31:52,861 - src.etl.extractor - INFO - Successfully loaded studentcourseselection.txt: 5401 rows
2025-09-18 11:31:52,862 - src.etl.extractor - INFO - Attempting to load: data\input\StaffInformation.txt
2025-09-18 11:31:52,863 - src.etl.extractor - INFO - Loaded StaffInformation.txt with encoding=utf-8, sep=','
2025-09-18 11:31:52,863 - src.etl.extractor - INFO - Successfully loaded StaffInformation.txt: 152 rows
2025-09-18 11:31:52,864 - src.etl.extractor - INFO - Attempting to load: data\input\CourseInformation.txt
2025-09-18 11:31:52,866 - src.etl.extractor - INFO - Loaded CourseInformation.txt with encoding=utf-8, sep=','
2025-09-18 11:31:52,867 - src.etl.extractor - INFO - Successfully loaded CourseInformation.txt: 983 rows
2025-09-18 11:31:52,869 - __main__ - INFO - Using school year 2026, academic start=2026-08-25, end=2027-07-25
2025-09-18 11:31:52,928 - src.etl.loader - INFO - Saved Students.csv (1527 rows) to data\output\Students.csv
2025-09-18 11:31:52,935 - src.etl.loader - INFO - Saved Staff.csv (152 rows) to data\output\Staff.csv
2025-09-18 11:31:52,945 - src.etl.loader - INFO - Saved Family.csv (2830 rows) to data\output\Family.csv
2025-09-18 11:31:52,953 - src.etl.transformer - INFO - [Classes] Created 38 homeroom classes
2025-09-18 11:31:53,002 - src.etl.transformer - INFO - [Classes] Created 3689 subject classes
2025-09-18 11:31:53,004 - src.etl.transformer - INFO - [Classes] Total classes created: 526
2025-09-18 11:31:53,012 - src.etl.loader - INFO - Saved Classes.csv (526 rows) to data\output\Classes.csv
2025-09-18 11:31:53,014 - src.etl.transformer - INFO - [Enrollments] homeroom_classes_df empty: False
2025-09-18 11:31:53,014 - src.etl.transformer - INFO - [Enrollments] homeroom_classes_df columns: ['school number', 'homeroom', 'Class ID', 'teacher id']
2025-09-18 11:31:53,016 - src.etl.transformer - INFO - [Enrollments] Found 676 students in homeroom grades
2025-09-18 11:31:53,018 - src.etl.transformer - INFO - [Enrollments] Merged 676 students with homeroom classes
2025-09-18 11:31:53,019 - src.etl.transformer - INFO - [Enrollments] 676 students matched with homeroom classes
2025-09-18 11:31:53,020 - src.etl.transformer - INFO - [Enrollments] Created 676 student homeroom enrollments
2025-09-18 11:31:53,021 - src.etl.transformer - INFO - [Enrollments] Created 578 teacher homeroom enrollments
2025-09-18 11:31:53,035 - src.etl.transformer - INFO - [Enrollments] Created 676 student and 3512 teacher subject enrollments
2025-09-18 11:31:53,037 - src.etl.transformer - INFO - [Enrollments] Created 1067 total enrollments
2025-09-18 11:31:53,046 - src.etl.loader - INFO - Saved Enrollments.csv (1067 rows) to data\output\Enrollments.csv
2025-09-18 11:31:53,046 - __main__ - INFO - ETL process completed successfully.
2025-09-18 11:35:45,406 - __main__ - INFO - Input directory: C:\Users\shan.peiris\Documents\Integrations\GDE2Acsv\data\input
2025-09-18 11:35:45,412 - src.etl.loader - INFO - Output directory set to: C:\Users\shan.peiris\Documents\Integrations\GDE2Acsv\data\output
2025-09-18 11:35:45,412 - __main__ - INFO - Required files: ['CourseInformation.txt', 'studentcourseselection.txt', 'ParentInformation.txt', 'StudentDemographicInformation.txt', 'StaffInformation.txt']
2025-09-18 11:35:45,412 - src.etl.extractor - INFO - Attempting to load: data\input\CourseInformation.txt
2025-09-18 11:35:45,416 - src.etl.extractor - INFO - Loaded CourseInformation.txt with encoding=utf-8, sep=','
2025-09-18 11:35:45,416 - src.etl.extractor - INFO - Successfully loaded CourseInformation.txt: 983 rows
2025-09-18 11:35:45,416 - src.etl.extractor - INFO - Attempting to load: data\input\studentcourseselection.txt
2025-09-18 11:35:45,424 - src.etl.extractor - INFO - Loaded studentcourseselection.txt with encoding=utf-8, sep=','
2025-09-18 11:35:45,425 - src.etl.extractor - INFO - Successfully loaded studentcourseselection.txt: 5401 rows
2025-09-18 11:35:45,425 - src.etl.extractor - INFO - Attempting to load: data\input\ParentInformation.txt
2025-09-18 11:35:45,436 - src.etl.extractor - INFO - Loaded ParentInformation.txt with encoding=utf-8, sep=','
2025-09-18 11:35:45,437 - src.etl.extractor - INFO - Successfully loaded ParentInformation.txt: 2830 rows
2025-09-18 11:35:45,437 - src.etl.extractor - INFO - Attempting to load: data\input\StudentDemographicInformation.txt
2025-09-18 11:35:45,449 - src.etl.extractor - INFO - Loaded StudentDemographicInformation.txt with encoding=utf-8, sep=','
2025-09-18 11:35:45,450 - src.etl.extractor - INFO - Successfully loaded StudentDemographicInformation.txt: 1527 rows
2025-09-18 11:35:45,450 - src.etl.extractor - INFO - Attempting to load: data\input\StaffInformation.txt
2025-09-18 11:35:45,452 - src.etl.extractor - INFO - Loaded StaffInformation.txt with encoding=utf-8, sep=','
2025-09-18 11:35:45,453 - src.etl.extractor - INFO - Successfully loaded StaffInformation.txt: 152 rows
2025-09-18 11:35:45,455 - __main__ - INFO - Using school year 2026, academic start=2026-08-25, end=2027-07-25
2025-09-18 11:35:45,514 - src.etl.loader - INFO - Saved Students.csv (1527 rows) to data\output\Students.csv
2025-09-18 11:35:45,521 - src.etl.loader - INFO - Saved Staff.csv (152 rows) to data\output\Staff.csv
2025-09-18 11:35:45,533 - src.etl.loader - INFO - Saved Family.csv (2830 rows) to data\output\Family.csv
2025-09-18 11:35:45,540 - src.etl.transformer - INFO - [Classes] Created 38 homeroom classes
2025-09-18 11:35:45,589 - src.etl.transformer - INFO - [Classes] Created 3689 subject classes
2025-09-18 11:35:45,591 - src.etl.transformer - INFO - [Classes] Total classes created: 526
2025-09-18 11:35:45,601 - src.etl.loader - INFO - Saved Classes.csv (526 rows) to data\output\Classes.csv
2025-09-18 11:35:45,604 - src.etl.transformer - INFO - [Enrollments] homeroom_classes_df empty: False
2025-09-18 11:35:45,605 - src.etl.transformer - INFO - [Enrollments] homeroom_classes_df columns: ['school number', 'homeroom', 'Class ID', 'teacher id']
2025-09-18 11:35:45,606 - src.etl.transformer - INFO - [Enrollments] Found 676 students in homeroom grades
2025-09-18 11:35:45,608 - src.etl.transformer - INFO - [Enrollments] Merged 676 students with homeroom classes
2025-09-18 11:35:45,609 - src.etl.transformer - INFO - [Enrollments] 676 students matched with homeroom classes
2025-09-18 11:35:45,610 - src.etl.transformer - INFO - [Enrollments] Created 676 student homeroom enrollments
2025-09-18 11:35:45,611 - src.etl.transformer - INFO - [Enrollments] Created 578 teacher homeroom enrollments
2025-09-18 11:35:45,614 - src.etl.transformer - INFO - [Enrollments] Unique grades in schedule: ['09' '12' '08' '11' '10' '01' '05' '06' '07' '04' '03' 'KF' '02']
2025-09-18 11:35:45,614 - src.etl.transformer - INFO - [Enrollments] Unique CEDS grades: ['09' '12' '08' '11' '10' '01' '05' '06' '07' '04' '03' 'KG' '02']
2025-09-18 11:35:45,614 - src.etl.transformer - INFO - [Enrollments] Homeroom grades config: ['IT', 'PR', 'PK', 'TK', 'KG', '01', '02', '03', '04', '05', '06', '07']
2025-09-18 11:35:45,615 - src.etl.transformer - INFO - [Enrollments] Non-homeroom mask count: 3512
2025-09-18 11:35:45,616 - src.etl.transformer - INFO - [Enrollments] Non-homeroom enrollments count: 3512
2025-09-18 11:35:45,631 - src.etl.transformer - INFO - [Enrollments] Created 676 student and 3512 teacher subject enrollments
2025-09-18 11:35:45,634 - src.etl.transformer - INFO - [Enrollments] Created 1067 total enrollments
2025-09-18 11:35:45,644 - src.etl.loader - INFO - Saved Enrollments.csv (1067 rows) to data\output\Enrollments.csv
2025-09-18 11:35:45,644 - __main__ - INFO - ETL process completed successfully.
2025-09-18 11:44:36,863 - __main__ - INFO - Input directory: C:\Users\shan.peiris\Documents\Integrations\GDE2Acsv\data\input
2025-09-18 11:44:36,869 - src.etl.loader - INFO - Output directory set to: C:\Users\shan.peiris\Documents\Integrations\GDE2Acsv\data\output
2025-09-18 11:44:36,869 - __main__ - INFO - Required files: ['StaffInformation.txt', 'ParentInformation.txt', 'StudentDemographicInformation.txt', 'studentcourseselection.txt', 'CourseInformation.txt']
2025-09-18 11:44:36,869 - src.etl.extractor - INFO - Attempting to load: data\input\StaffInformation.txt
2025-09-18 11:44:36,871 - src.etl.extractor - INFO - Loaded StaffInformation.txt with encoding=utf-8, sep=','
2025-09-18 11:44:36,872 - src.etl.extractor - INFO - Successfully loaded StaffInformation.txt: 152 rows
2025-09-18 11:44:36,872 - src.etl.extractor - INFO - Attempting to load: data\input\ParentInformation.txt
2025-09-18 11:44:36,882 - src.etl.extractor - INFO - Loaded ParentInformation.txt with encoding=utf-8, sep=','
2025-09-18 11:44:36,883 - src.etl.extractor - INFO - Successfully loaded ParentInformation.txt: 2830 rows
2025-09-18 11:44:36,883 - src.etl.extractor - INFO - Attempting to load: data\input\StudentDemographicInformation.txt
2025-09-18 11:44:36,896 - src.etl.extractor - INFO - Loaded StudentDemographicInformation.txt with encoding=utf-8, sep=','
2025-09-18 11:44:36,897 - src.etl.extractor - INFO - Successfully loaded StudentDemographicInformation.txt: 1527 rows
2025-09-18 11:44:36,897 - src.etl.extractor - INFO - Attempting to load: data\input\studentcourseselection.txt
2025-09-18 11:44:36,905 - src.etl.extractor - INFO - Loaded studentcourseselection.txt with encoding=utf-8, sep=','
2025-09-18 11:44:36,906 - src.etl.extractor - INFO - Successfully loaded studentcourseselection.txt: 5401 rows
2025-09-18 11:44:36,906 - src.etl.extractor - INFO - Attempting to load: data\input\CourseInformation.txt
2025-09-18 11:44:36,909 - src.etl.extractor - INFO - Loaded CourseInformation.txt with encoding=utf-8, sep=','
2025-09-18 11:44:36,910 - src.etl.extractor - INFO - Successfully loaded CourseInformation.txt: 983 rows
2025-09-18 11:44:36,911 - __main__ - INFO - Using school year 2026, academic start=2026-08-25, end=2027-07-25
2025-09-18 11:44:36,972 - src.etl.loader - INFO - Saved Students.csv (1527 rows) to data\output\Students.csv
2025-09-18 11:44:36,981 - src.etl.loader - INFO - Saved Staff.csv (152 rows) to data\output\Staff.csv
2025-09-18 11:44:36,992 - src.etl.loader - INFO - Saved Family.csv (2830 rows) to data\output\Family.csv
2025-09-18 11:44:36,999 - src.etl.transformer - INFO - [Classes] Created 38 homeroom classes
2025-09-18 11:44:37,048 - src.etl.transformer - INFO - [Classes] Created 3689 subject classes
2025-09-18 11:44:37,051 - src.etl.transformer - INFO - [Classes] Total classes created: 526
2025-09-18 11:44:37,059 - src.etl.loader - INFO - Saved Classes.csv (526 rows) to data\output\Classes.csv
2025-09-18 11:44:37,062 - src.etl.transformer - INFO - [Enrollments] homeroom_classes_df empty: False
2025-09-18 11:44:37,062 - src.etl.transformer - INFO - [Enrollments] homeroom_classes_df columns: ['school number', 'homeroom', 'Class ID', 'teacher id']
2025-09-18 11:44:37,064 - src.etl.transformer - INFO - [Enrollments] Found 676 students in homeroom grades
2025-09-18 11:44:37,066 - src.etl.transformer - INFO - [Enrollments] Merged 676 students with homeroom classes
2025-09-18 11:44:37,066 - src.etl.transformer - INFO - [Enrollments] 676 students matched with homeroom classes
2025-09-18 11:44:37,067 - src.etl.transformer - INFO - [Enrollments] Created 676 student homeroom enrollments
2025-09-18 11:44:37,069 - src.etl.transformer - INFO - [Enrollments] Created 578 teacher homeroom enrollments
2025-09-18 11:44:37,083 - src.etl.transformer - INFO - [Enrollments] Created 3512 teacher subject enrollments
2025-09-18 11:44:37,083 - src.etl.transformer - INFO - [Enrollments] Created 676 student and 3512 teacher subject enrollments
2025-09-18 11:44:37,085 - src.etl.transformer - INFO - [Enrollments] After concat: 1067 rows, before drop_duplicates: 4766 rows
2025-09-18 11:44:37,085 - src.etl.transformer - INFO - [Enrollments] Created 1067 total enrollments
2025-09-18 11:44:37,093 - src.etl.loader - INFO - Saved Enrollments.csv (1067 rows) to data\output\Enrollments.csv
2025-09-18 11:44:37,093 - __main__ - INFO - ETL process completed successfully.
2025-09-18 11:47:06,765 - __main__ - INFO - Input directory: C:\Users\shan.peiris\Documents\Integrations\GDE2Acsv\data\input
2025-09-18 11:47:06,770 - src.etl.loader - INFO - Output directory set to: C:\Users\shan.peiris\Documents\Integrations\GDE2Acsv\data\output
2025-09-18 11:47:06,771 - __main__ - INFO - Required files: ['StudentDemographicInformation.txt', 'ParentInformation.txt', 'StaffInformation.txt', 'studentcourseselection.txt', 'CourseInformation.txt']
2025-09-18 11:47:06,771 - src.etl.extractor - INFO - Attempting to load: data\input\StudentDemographicInformation.txt
2025-09-18 11:47:06,782 - src.etl.extractor - INFO - Loaded StudentDemographicInformation.txt with encoding=utf-8, sep=','
2025-09-18 11:47:06,783 - src.etl.extractor - INFO - Successfully loaded StudentDemographicInformation.txt: 1527 rows
2025-09-18 11:47:06,783 - src.etl.extractor - INFO - Attempting to load: data\input\ParentInformation.txt
2025-09-18 11:47:06,793 - src.etl.extractor - INFO - Loaded ParentInformation.txt with encoding=utf-8, sep=','
2025-09-18 11:47:06,793 - src.etl.extractor - INFO - Successfully loaded ParentInformation.txt: 2830 rows
2025-09-18 11:47:06,793 - src.etl.extractor - INFO - Attempting to load: data\input\StaffInformation.txt
2025-09-18 11:47:06,795 - src.etl.extractor - INFO - Loaded StaffInformation.txt with encoding=utf-8, sep=','
2025-09-18 11:47:06,796 - src.etl.extractor - INFO - Successfully loaded StaffInformation.txt: 152 rows
2025-09-18 11:47:06,796 - src.etl.extractor - INFO - Attempting to load: data\input\studentcourseselection.txt
2025-09-18 11:47:06,805 - src.etl.extractor - INFO - Loaded studentcourseselection.txt with encoding=utf-8, sep=','
2025-09-18 11:47:06,806 - src.etl.extractor - INFO - Successfully loaded studentcourseselection.txt: 5401 rows
2025-09-18 11:47:06,806 - src.etl.extractor - INFO - Attempting to load: data\input\CourseInformation.txt
2025-09-18 11:47:06,809 - src.etl.extractor - INFO - Loaded CourseInformation.txt with encoding=utf-8, sep=','
2025-09-18 11:47:06,810 - src.etl.extractor - INFO - Successfully loaded CourseInformation.txt: 983 rows
2025-09-18 11:47:06,812 - __main__ - INFO - Using school year 2026, academic start=2026-08-25, end=2027-07-25
2025-09-18 11:47:06,872 - src.etl.loader - INFO - Saved Students.csv (1527 rows) to data\output\Students.csv
2025-09-18 11:47:06,879 - src.etl.loader - INFO - Saved Staff.csv (152 rows) to data\output\Staff.csv
2025-09-18 11:47:06,890 - src.etl.loader - INFO - Saved Family.csv (2830 rows) to data\output\Family.csv
2025-09-18 11:47:06,897 - src.etl.transformer - INFO - [Classes] Created 38 homeroom classes
2025-09-18 11:47:06,948 - src.etl.transformer - INFO - [Classes] Created 3689 subject classes
2025-09-18 11:47:06,951 - src.etl.transformer - INFO - [Classes] Total classes created: 526
2025-09-18 11:47:06,959 - src.etl.loader - INFO - Saved Classes.csv (526 rows) to data\output\Classes.csv
2025-09-18 11:47:06,960 - src.etl.transformer - INFO - [Enrollments] homeroom_classes_df empty: False
2025-09-18 11:47:06,961 - src.etl.transformer - INFO - [Enrollments] homeroom_classes_df columns: ['school number', 'homeroom', 'Class ID', 'teacher id']
2025-09-18 11:47:06,962 - src.etl.transformer - INFO - [Enrollments] Found 676 students in homeroom grades
2025-09-18 11:47:06,964 - src.etl.transformer - INFO - [Enrollments] Merged 676 students with homeroom classes
2025-09-18 11:47:06,964 - src.etl.transformer - INFO - [Enrollments] 676 students matched with homeroom classes
2025-09-18 11:47:06,966 - src.etl.transformer - INFO - [Enrollments] Created 676 student homeroom enrollments
2025-09-18 11:47:06,967 - src.etl.transformer - INFO - [Enrollments] Created 578 teacher homeroom enrollments
2025-09-18 11:47:06,981 - src.etl.transformer - INFO - [Enrollments] non_homeroom_enroll_df columns: ['school year', 'school number', 'student number', 'student legal last name', 'student legal first name', 'grade', 'teacher name', 'semester', 'course code', 'how taken description', 'section', 'master timetable id', 'dl start date', 'dl course active date', 'dl completion date', 'teacher id', 'grade_ceds', 'Class ID']
2025-09-18 11:47:06,982 - src.etl.transformer - INFO - [Enrollments] Looking for student_id_col: 'student id'
2025-09-18 11:47:06,983 - src.etl.transformer - INFO - [Enrollments] Created 3512 teacher subject enrollments
2025-09-18 11:47:06,983 - src.etl.transformer - INFO - [Enrollments] Created 676 student and 3512 teacher subject enrollments
2025-09-18 11:47:06,985 - src.etl.transformer - INFO - [Enrollments] After concat: 1067 rows, before drop_duplicates: 4766 rows
2025-09-18 11:47:06,985 - src.etl.transformer - INFO - [Enrollments] Created 1067 total enrollments
2025-09-18 11:47:06,994 - src.etl.loader - INFO - Saved Enrollments.csv (1067 rows) to data\output\Enrollments.csv
2025-09-18 11:47:06,994 - __main__ - INFO - ETL process completed successfully.
2025-09-18 11:53:36,297 - __main__ - INFO - Input directory: C:\Users\shan.peiris\Documents\Integrations\GDE2Acsv\data\input
2025-09-18 11:53:36,302 - src.etl.loader - INFO - Output directory set to: C:\Users\shan.peiris\Documents\Integrations\GDE2Acsv\data\output
2025-09-18 11:53:36,303 - __main__ - INFO - Required files: ['StudentDemographicInformation.txt', 'studentcourseselection.txt', 'StaffInformation.txt', 'ParentInformation.txt', 'CourseInformation.txt']
2025-09-18 11:53:36,303 - src.etl.extractor - INFO - Attempting to load: data\input\StudentDemographicInformation.txt
2025-09-18 11:53:36,315 - src.etl.extractor - INFO - Loaded StudentDemographicInformation.txt with encoding=utf-8, sep=','
2025-09-18 11:53:36,316 - src.etl.extractor - INFO - Successfully loaded StudentDemographicInformation.txt: 1527 rows
2025-09-18 11:53:36,317 - src.etl.extractor - INFO - Attempting to load: data\input\studentcourseselection.txt
2025-09-18 11:53:36,326 - src.etl.extractor - INFO - Loaded studentcourseselection.txt with encoding=utf-8, sep=','
2025-09-18 11:53:36,327 - src.etl.extractor - INFO - Successfully loaded studentcourseselection.txt: 5401 rows
2025-09-18 11:53:36,327 - src.etl.extractor - INFO - Attempting to load: data\input\StaffInformation.txt
2025-09-18 11:53:36,328 - src.etl.extractor - INFO - Loaded StaffInformation.txt with encoding=utf-8, sep=','
2025-09-18 11:53:36,329 - src.etl.extractor - INFO - Successfully loaded StaffInformation.txt: 152 rows
2025-09-18 11:53:36,329 - src.etl.extractor - INFO - Attempting to load: data\input\ParentInformation.txt
2025-09-18 11:53:36,339 - src.etl.extractor - INFO - Loaded ParentInformation.txt with encoding=utf-8, sep=','
2025-09-18 11:53:36,340 - src.etl.extractor - INFO - Successfully loaded ParentInformation.txt: 2830 rows
2025-09-18 11:53:36,340 - src.etl.extractor - INFO - Attempting to load: data\input\CourseInformation.txt
2025-09-18 11:53:36,343 - src.etl.extractor - INFO - Loaded CourseInformation.txt with encoding=utf-8, sep=','
2025-09-18 11:53:36,343 - src.etl.extractor - INFO - Successfully loaded CourseInformation.txt: 983 rows
2025-09-18 11:53:36,345 - __main__ - INFO - Using school year 2026, academic start=2026-08-25, end=2027-07-25
2025-09-18 11:53:36,409 - src.etl.loader - INFO - Saved Students.csv (1527 rows) to data\output\Students.csv
2025-09-18 11:53:36,417 - src.etl.loader - INFO - Saved Staff.csv (152 rows) to data\output\Staff.csv
2025-09-18 11:53:36,432 - src.etl.loader - INFO - Saved Family.csv (2830 rows) to data\output\Family.csv
2025-09-18 11:53:36,441 - src.etl.transformer - INFO - [Classes] Created 38 homeroom classes
2025-09-18 11:53:36,493 - src.etl.transformer - INFO - [Classes] Created 3689 subject classes
2025-09-18 11:53:36,495 - src.etl.transformer - INFO - [Classes] Total classes created: 526
2025-09-18 11:53:36,505 - src.etl.loader - INFO - Saved Classes.csv (526 rows) to data\output\Classes.csv
2025-09-18 11:53:36,507 - src.etl.transformer - INFO - [Enrollments] homeroom_classes_df empty: False
2025-09-18 11:53:36,507 - src.etl.transformer - INFO - [Enrollments] homeroom_classes_df columns: ['school number', 'homeroom', 'Class ID', 'teacher id']
2025-09-18 11:53:36,509 - src.etl.transformer - INFO - [Enrollments] Found 676 students in homeroom grades
2025-09-18 11:53:36,511 - src.etl.transformer - INFO - [Enrollments] Merged 676 students with homeroom classes
2025-09-18 11:53:36,511 - src.etl.transformer - INFO - [Enrollments] 676 students matched with homeroom classes
2025-09-18 11:53:36,512 - src.etl.transformer - INFO - [Enrollments] Created 676 student homeroom enrollments
2025-09-18 11:53:36,514 - src.etl.transformer - INFO - [Enrollments] Created 578 teacher homeroom enrollments
2025-09-18 11:53:36,529 - src.etl.transformer - INFO - [Enrollments] user_id_config: {'student id col': 'Student Number', 'staff id col': 'Teacher ID'}
2025-09-18 11:53:36,529 - src.etl.transformer - INFO - [Enrollments] role_config: {'student id col': 'Student Number', 'staff id col': 'Teacher ID'}
2025-09-18 11:53:36,530 - src.etl.transformer - INFO - [Enrollments] Parsed student_id_col: ''
2025-09-18 11:53:36,530 - src.etl.transformer - INFO - [Enrollments] Parsed staff_id_col: ''
2025-09-18 11:53:36,531 - src.etl.transformer - INFO - [Enrollments] Created 3512 teacher subject enrollments
2025-09-18 11:53:36,531 - src.etl.transformer - INFO - [Enrollments] Created 676 student and 3512 teacher subject enrollments
2025-09-18 11:53:36,533 - src.etl.transformer - INFO - [Enrollments] After concat: 1067 rows, before drop_duplicates: 4766 rows
2025-09-18 11:53:36,533 - src.etl.transformer - INFO - [Enrollments] Created 1067 total enrollments
2025-09-18 11:53:36,543 - src.etl.loader - INFO - Saved Enrollments.csv (1067 rows) to data\output\Enrollments.csv
2025-09-18 11:53:36,543 - __main__ - INFO - ETL process completed successfully.
2025-09-18 11:55:44,777 - __main__ - INFO - Input directory: C:\Users\shan.peiris\Documents\Integrations\GDE2Acsv\data\input
2025-09-18 11:55:44,782 - src.etl.loader - INFO - Output directory set to: C:\Users\shan.peiris\Documents\Integrations\GDE2Acsv\data\output
2025-09-18 11:55:44,782 - __main__ - INFO - Required files: ['CourseInformation.txt', 'StudentDemographicInformation.txt', 'StaffInformation.txt', 'studentcourseselection.txt', 'ParentInformation.txt']
2025-09-18 11:55:44,783 - src.etl.extractor - INFO - Attempting to load: data\input\CourseInformation.txt
2025-09-18 11:55:44,786 - src.etl.extractor - INFO - Loaded CourseInformation.txt with encoding=utf-8, sep=','
2025-09-18 11:55:44,786 - src.etl.extractor - INFO - Successfully loaded CourseInformation.txt: 983 rows
2025-09-18 11:55:44,786 - src.etl.extractor - INFO - Attempting to load: data\input\StudentDemographicInformation.txt
2025-09-18 11:55:44,797 - src.etl.extractor - INFO - Loaded StudentDemographicInformation.txt with encoding=utf-8, sep=','
2025-09-18 11:55:44,798 - src.etl.extractor - INFO - Successfully loaded StudentDemographicInformation.txt: 1527 rows
2025-09-18 11:55:44,798 - src.etl.extractor - INFO - Attempting to load: data\input\StaffInformation.txt
2025-09-18 11:55:44,800 - src.etl.extractor - INFO - Loaded StaffInformation.txt with encoding=utf-8, sep=','
2025-09-18 11:55:44,800 - src.etl.extractor - INFO - Successfully loaded StaffInformation.txt: 152 rows
2025-09-18 11:55:44,800 - src.etl.extractor - INFO - Attempting to load: data\input\studentcourseselection.txt
2025-09-18 11:55:44,807 - src.etl.extractor - INFO - Loaded studentcourseselection.txt with encoding=utf-8, sep=','
2025-09-18 11:55:44,808 - src.etl.extractor - INFO - Successfully loaded studentcourseselection.txt: 5401 rows
2025-09-18 11:55:44,808 - src.etl.extractor - INFO - Attempting to load: data\input\ParentInformation.txt
2025-09-18 11:55:44,817 - src.etl.extractor - INFO - Loaded ParentInformation.txt with encoding=utf-8, sep=','
2025-09-18 11:55:44,818 - src.etl.extractor - INFO - Successfully loaded ParentInformation.txt: 2830 rows
2025-09-18 11:55:44,820 - __main__ - INFO - Using school year 2026, academic start=2026-08-25, end=2027-07-25
2025-09-18 11:55:44,880 - src.etl.loader - INFO - Saved Students.csv (1527 rows) to data\output\Students.csv
2025-09-18 11:55:44,886 - src.etl.loader - INFO - Saved Staff.csv (152 rows) to data\output\Staff.csv
2025-09-18 11:55:44,898 - src.etl.loader - INFO - Saved Family.csv (2830 rows) to data\output\Family.csv
2025-09-18 11:55:44,904 - src.etl.transformer - INFO - [Classes] Created 38 homeroom classes
2025-09-18 11:55:44,953 - src.etl.transformer - INFO - [Classes] Created 3689 subject classes
2025-09-18 11:55:44,955 - src.etl.transformer - INFO - [Classes] Total classes created: 526
2025-09-18 11:55:44,964 - src.etl.loader - INFO - Saved Classes.csv (526 rows) to data\output\Classes.csv
2025-09-18 11:55:44,966 - src.etl.transformer - INFO - [Enrollments] homeroom_classes_df empty: False
2025-09-18 11:55:44,966 - src.etl.transformer - INFO - [Enrollments] homeroom_classes_df columns: ['school number', 'homeroom', 'Class ID', 'teacher id']
2025-09-18 11:55:44,968 - src.etl.transformer - INFO - [Enrollments] Found 676 students in homeroom grades
2025-09-18 11:55:44,970 - src.etl.transformer - INFO - [Enrollments] Merged 676 students with homeroom classes
2025-09-18 11:55:44,970 - src.etl.transformer - INFO - [Enrollments] 676 students matched with homeroom classes
2025-09-18 11:55:44,972 - src.etl.transformer - INFO - [Enrollments] Created 676 student homeroom enrollments
2025-09-18 11:55:44,973 - src.etl.transformer - INFO - [Enrollments] Created 578 teacher homeroom enrollments
2025-09-18 11:55:44,987 - src.etl.transformer - INFO - [Enrollments] Created 3512 student subject enrollments
2025-09-18 11:55:44,988 - src.etl.transformer - INFO - [Enrollments] Created 3512 teacher subject enrollments
2025-09-18 11:55:44,988 - src.etl.transformer - INFO - [Enrollments] Created 3512 student and 3512 teacher subject enrollments
2025-09-18 11:55:44,990 - src.etl.transformer - INFO - [Enrollments] After concat: 4579 rows, before drop_duplicates: 8278 rows
2025-09-18 11:55:44,991 - src.etl.transformer - INFO - [Enrollments] Created 4579 total enrollments
2025-09-18 11:55:45,003 - src.etl.loader - INFO - Saved Enrollments.csv (4579 rows) to data\output\Enrollments.csv
2025-09-18 11:55:45,003 - __main__ - INFO - ETL process completed successfully.
